(---------------------------------------------------------------------)
(                                                                     )
(    QUICKPLACE LOG                                                   )
(                                                                     )
(    Drawing          : AVRUSB500.brd                                 )
(    Software Version : 16.6S034                                      )
(    Date/Time        : Thu Jul 18 15:08:42 2019                      )
(                                                                     )
(---------------------------------------------------------------------)


State: Placing on layer TOP

         Placed symbol:  IC1 / ATMEGA8-DIL28_1_QUAD80M32WG900_ / QUAD80M32WG900 at (259.4612 282.6932)
         Placed symbol:  U1 / FT232BM_2_QUAD80M32WG900_FT232B / QUAD80M32WG900 at (270.7004 282.6932)
         Placed symbol:  J4 / CON5_BLKCON100VHTM1SQSW1005_FIR / BLKCON100VHTM1SQSW1005 at (280.7206 282.7952)
         Placed symbol:  J2 / CON4_7_MICRO_USB_USBA_ / MICRO_USB at (298.3078 282.3732)
         Placed symbol:  J1 / CON5_BLKCON100VHTM1SQSW1005_BBP / BLKCON100VHTM1SQSW1005 at (305.7350 282.7952)
         Placed symbol:  J3 / CON5_BLKCON100VHTM1SQSW1005_AVR / BLKCON100VHTM1SQSW1005 at (319.0962 282.7952)
         Placed symbol:  C5 / CAPACITOR NON-POL_CPCYL1D225L_3 / CPCYL1D225LS100031 at (332.6474 284.3822)
         Placed symbol:  C10 / CAPACITOR NON-POL_CPCYL1D225L_1 / CPCYL1D225LS100031 at (338.7686 284.3822)
         Placed symbol:  C7 / CAPACITOR NON-POL_CPCYL1D225L_3 / CPCYL1D225LS100031 at (344.8898 284.3822)
         Placed symbol:  C4 / CAPACITOR NON-POL_CPCYL1D225LS1 / CPCYL1D225LS100031 at (351.0110 284.3822)
         Placed symbol:  D1 / LED_CYLD250LS125031_LED_ / CYLD250LS125031 at (357.1322 284.7002)
         Placed symbol:  C8 / CAPACITOR NON-POL_CPCYL1D225L_3 / CPCYL1D225LS100031 at (258.4322 295.6214)
         Placed symbol:  C3 / CAPACITOR NON-POL_CPCYL1D225L_2 / CPCYL1D225LS100031 at (264.5534 295.6214)
         Placed symbol:  C6 / CAPACITOR POL_CPCYL1D225LS10003 / CPCYL1D225LS100031 at (270.6746 295.6214)
         Placed symbol:  C2 / CAPACITOR NON-POL_CPCYL1D225L_2 / CPCYL1D225LS100031 at (276.7958 295.6214)
         Placed symbol:  C9 / CAPACITOR NON-POL_CPCYL1D225L_3 / CPCYL1D225LS100031 at (282.9170 295.6214)
         Placed symbol:  R1 / R_AX400X100031_470_SMDRES / AX400X100031 at (288.3902 294.0344)
         Placed symbol:  C1 / CAPACITOR NON-POL_CPCYL1D225LS1 / CPCYL1D225LS100031 at (301.4834 295.6214)
         Placed symbol:  R11 / R_AX400X100031_1K_SMDRES / AX400X100031 at (306.9566 294.0344)
         Placed symbol:  R13 / R_AX400X100031_1K_SMDRES / AX400X100031 at (319.4018 294.0344)
         Placed symbol:  R12 / R_AX400X100031_220_SMDRES / AX400X100031 at (331.8470 294.0344)
         Placed symbol:  R14 / R_AX400X100031_220_SMDRES / AX400X100031 at (344.2922 294.0344)
         Placed symbol:  R15 / R_AX400X100031_220_SMDRES / AX400X100031 at (257.7842 300.1556)
         Placed symbol:  R2 / R_AX400X100031_220_SMDRES / AX400X100031 at (270.2294 300.1556)
         Placed symbol:  R3 / R_AX400X100031_220_SMDRES / AX400X100031 at (282.6746 300.1556)
         Placed symbol:  R4 / R_AX400X100031_220_SMDRES / AX400X100031 at (295.1198 300.1556)
         Placed symbol:  R5 / R_AX400X100031_27_SMDRES / AX400X100031 at (307.5650 300.1556)
         Placed symbol:  R6 / R_AX400X100031_27_SMDRES / AX400X100031 at (320.0102 300.1556)
         Placed symbol:  R7 / R_AX400X100031_1.5K_SMDRES / AX400X100031 at (332.4554 300.1556)
         Placed symbol:  R8 / R_AX400X100031_2.2_SMDRES / AX400X100031 at (344.9006 300.1556)
         Placed symbol:  R9 / R_AX400X100031_10K_SMDRES / AX400X100031 at (257.7842 303.1028)
         Placed symbol:  R10 / R_AX400X100031_470_SMDRES / AX400X100031 at (270.2294 303.1028)
         Placed symbol:  Y1 / ZTA_RAD450X200LS300031_3.6864MH / RAD450X200LS300031 at (283.6406 304.3728)
         Placed symbol:  Y2 / ZTA_RAD450X200LS300031_6MHZ_ / RAD450X200LS300031 at (295.4778 304.3728)


Placed 34 of 34 applicable (34 total) symbols.

-----------------------------------------------------------------------

